<?xml version="1.0" encoding="UTF-8"?>
<testsuite name="net.corda.did.DidEnvelopeUpdateTests" tests="9" skipped="0" failures="0" errors="0" timestamp="2019-05-14T08:52:41" hostname="GOL010676" time="0.241">
  <properties/>
  <testcase name="Validation succeeds for a request that adds a key" classname="net.corda.did.DidEnvelopeUpdateTests" time="0.065"/>
  <testcase name="Validation fails for an update that tampers with the creation date" classname="net.corda.did.DidEnvelopeUpdateTests" time="0.013"/>
  <testcase name="Validation fails if a created date is added" classname="net.corda.did.DidEnvelopeUpdateTests" time="0.015"/>
  <testcase name="Validation fails for a request that doesn't provide signatures for all keys" classname="net.corda.did.DidEnvelopeUpdateTests" time="0.047"/>
  <testcase name="Validation fails for an update that occurs before the creation date" classname="net.corda.did.DidEnvelopeUpdateTests" time="0.013"/>
  <testcase name="Validation fails for an update that does not supply an update date" classname="net.corda.did.DidEnvelopeUpdateTests" time="0.029"/>
  <testcase name="Validation fails for a potential replay attack" classname="net.corda.did.DidEnvelopeUpdateTests" time="0.017"/>
  <testcase name="Validation succeeds for a request that removes a key" classname="net.corda.did.DidEnvelopeUpdateTests" time="0.023"/>
  <testcase name="Validation succeeds for a valid envelope" classname="net.corda.did.DidEnvelopeUpdateTests" time="0.017"/>
  <system-out><![CDATA[]]></system-out>
  <system-err><![CDATA[]]></system-err>
</testsuite>
