<?xml version="1.0" encoding="UTF-8"?>
<testsuite name="net.corda.did.DidInstructionTests" tests="6" skipped="0" failures="0" errors="0" timestamp="2019-05-14T08:52:41" hostname="GOL010676" time="0.064">
  <properties/>
  <testcase name="Rejects create instruction using an unknown crypto suite" classname="net.corda.did.DidInstructionTests" time="0.052"/>
  <testcase name="Can parse a &quot;delete&quot; instruction" classname="net.corda.did.DidInstructionTests" time="0.001"/>
  <testcase name="Can parse a &quot;update&quot; instruction" classname="net.corda.did.DidInstructionTests" time="0.0"/>
  <testcase name="Can parse a &quot;create&quot; instruction using a well-known crypto suite" classname="net.corda.did.DidInstructionTests" time="0.001"/>
  <testcase name="Can parse a &quot;read&quot; instruction" classname="net.corda.did.DidInstructionTests" time="0.001"/>
  <testcase name="Rejects unknown instructions" classname="net.corda.did.DidInstructionTests" time="0.009"/>
  <system-out><![CDATA[]]></system-out>
  <system-err><![CDATA[]]></system-err>
</testsuite>
