<?xml version="1.0" encoding="UTF-8"?>
<testsuite name="net.corda.did.DidTests" tests="6" skipped="0" failures="0" errors="0" timestamp="2019-05-14T08:52:41" hostname="GOL010676" time="0.021">
  <properties/>
  <testcase name="rejects non-DIDs[0]" classname="net.corda.did.DidTests" time="0.017"/>
  <testcase name="can roundtrip DID[0]" classname="net.corda.did.DidTests" time="0.0"/>
  <testcase name="rejects non-DIDs[1]" classname="net.corda.did.DidTests" time="0.0"/>
  <testcase name="can roundtrip DID[1]" classname="net.corda.did.DidTests" time="0.0"/>
  <testcase name="rejects non-DIDs[2]" classname="net.corda.did.DidTests" time="0.001"/>
  <testcase name="can roundtrip DID[2]" classname="net.corda.did.DidTests" time="0.0"/>
  <system-out><![CDATA[]]></system-out>
  <system-err><![CDATA[]]></system-err>
</testsuite>
