<?xml version="1.0" encoding="UTF-8"?>
<testsuite name="net.corda.did.resolver.registry.IdentityNodeProxyTests" tests="2" skipped="0" failures="0" errors="0" timestamp="2019-05-14T08:52:58" hostname="GOL010676" time="0.214">
  <properties/>
  <testcase name="the path is resolved correctly" classname="net.corda.did.resolver.registry.IdentityNodeProxyTests" time="0.21"/>
  <testcase name="the payload the proxy returns reflects the source" classname="net.corda.did.resolver.registry.IdentityNodeProxyTests" time="0.004"/>
  <system-out><![CDATA[]]></system-out>
  <system-err><![CDATA[]]></system-err>
</testsuite>
